[rvonbuelow.info/pages/game.html]
[backblue.gif]
[fade.gif]
[index.html]
[ajax.googleapis.com/ajax/libs/jquery/1/jquery.min.js]
[hosting.otterlabs.org/classes/vonbuelowrichardl/Portfolio/script/utils.js]
[hosting.otterlabs.org/classes/vonbuelowrichardl/Portfolio/images/lightHouse.png]
[hosting.otterlabs.org/classes/vonbuelowrichardl/Portfolio/images/dolphin.png]
[hosting.otterlabs.org/classes/vonbuelowrichardl/Portfolio/images/island3.png]
[hosting.otterlabs.org/classes/vonbuelowrichardl/dolphinSharks/images/bottomBoard.png]
[hosting.otterlabs.org/classes/vonbuelowrichardl/dolphinSharks/audio/sonar.ogg]
[hosting.otterlabs.org/classes/vonbuelowrichardl/dolphinSharks/audio/sonar.mp3]
[hosting.otterlabs.org/classes/vonbuelowrichardl/dolphinSharks/audio/lucky.ogg]
[hosting.otterlabs.org/classes/vonbuelowrichardl/dolphinSharks/audio/lucky.mp3]
[rvonbuelow.info/pages/game.html]
[fonts.googleapis.com/csse9a9.css]
[hosting.otterlabs.org/classes/vonbuelowrichardl/dolphinSharks/images/shark1.svg]
[hosting.otterlabs.org/classes/vonbuelowrichardl/dolphinSharks/images/shark2.svg]
[hosting.otterlabs.org/classes/vonbuelowrichardl/dolphinSharks/images/shark3.svg]
[hosting.otterlabs.org/classes/vonbuelowrichardl/dolphinSharks/images/mine.svg]
[hosting.otterlabs.org/classes/vonbuelowrichardl/dolphinSharks/images/chainLong.svg]
[hosting.otterlabs.org/classes/vonbuelowrichardl/dolphinSharks/images/dolphin1.svg]
[hosting.otterlabs.org/classes/vonbuelowrichardl/dolphinSharks/images/dolphin2.svg]
[hosting.otterlabs.org/classes/vonbuelowrichardl/dolphinSharks/images/dolphin3.svg]
[hosting.otterlabs.org/classes/vonbuelowrichardl/dolphinSharks/images/fish.svg]
[hosting.otterlabs.org/classes/vonbuelowrichardl/dolphinSharks/images/lives.svg]
[hosting.otterlabs.org/classes/vonbuelowrichardl/dolphinSharks/images/sonar.svg]
